{"logTime": "1119/000125", "correlationVector":"WQY9y3n5dg5WGEbBFyt+Y8.1","action":"SyncServerConnectionManagerRequest", "result":"SYNC_SERVER_OK", "context":{"environment":"Prod_EastUS2_000e", "migrationStage":"NotStarted", "server":"GENERAL01000023"}}
{"logTime": "1119/000126", "correlationVector":"6ZNn9IB++mw80EPRURSZJK","action":"SyncServerConnectionManagerRequest", "result":"SYNC_SERVER_OK", "context":{"environment":"", "migrationStage":"", "server":""}}
{"logTime": "1119/000126", "correlationVector":"WQY9y3n5dg5WGEbBFyt+Y8","action":"Initial GetUpdates", "result":"", "context":Reason: NEW_CLIENT. cV=WQY9y3n5dg5WGEbBFyt+Y8}
{"logTime": "1119/000126", "correlationVector":"WQY9y3n5dg5WGEbBFyt+Y8.2","action":"GetUpdates Response", "result":"Success", "context":Received 1 update(s). cV=WQY9y3n5dg5WGEbBFyt+Y8.0;server=GENERAL01000023;cloudType=Consumer;environment=Prod_EastUS2_000e;migrationStage=NotStarted}
{"logTime": "1119/000126", "correlationVector":"3TvAVtqZNsbO3uGnlFOvac","action":"Initial GetUpdates", "result":"", "context":Reason: NEWLY_SUPPORTED_DATATYPE. cV=3TvAVtqZNsbO3uGnlFOvac}
{"logTime": "1119/000127", "correlationVector":"3TvAVtqZNsbO3uGnlFOvac.1","action":"SyncServerConnectionManagerRequest", "result":"SYNC_SERVER_OK", "context":{"environment":"Prod_EastUS2_000e", "migrationStage":"NotStarted", "server":"GENERAL01000020"}}
{"logTime": "1119/000127", "correlationVector":"3TvAVtqZNsbO3uGnlFOvac.2","action":"GetUpdates Response", "result":"Success", "context":Received 31 update(s). cV=3TvAVtqZNsbO3uGnlFOvac.0;server=GENERAL01000020;cloudType=Consumer;environment=Prod_EastUS2_000e;migrationStage=NotStarted}
{"logTime": "1119/000127", "correlationVector":"5ERQzjgcy/UL6+o765X+IW","action":"Initial GetUpdates", "result":"", "context":Reason: NEWLY_SUPPORTED_DATATYPE. cV=5ERQzjgcy/UL6+o765X+IW}
{"logTime": "1119/000127", "correlationVector":"5ERQzjgcy/UL6+o765X+IW.1","action":"SyncServerConnectionManagerRequest", "result":"SYNC_SERVER_OK", "context":{"environment":"Prod_EastUS2_000e", "migrationStage":"NotStarted", "server":"GENERAL01000025"}}
{"logTime": "1119/000127", "correlationVector":"5ERQzjgcy/UL6+o765X+IW.2","action":"GetUpdates", "result":"DeleteReceived", "context":{"id":"8678811e-9560-4327-b0da-d4b249c8775a", "isDeleted:":"true", "version":"1710957825178"}}
{"logTime": "1119/000127", "correlationVector":"5ERQzjgcy/UL6+o765X+IW.3","action":"GetUpdates Response", "result":"Success", "context":Received 10 update(s). cV=5ERQzjgcy/UL6+o765X+IW.0;server=GENERAL01000025;cloudType=Consumer;environment=Prod_EastUS2_000e;migrationStage=NotStarted}
{"logTime": "1119/000127", "correlationVector":"EjeyXQ785k38wn7+WFXiPB","action":"Initial GetUpdates", "result":"", "context":Reason: NEWLY_SUPPORTED_DATATYPE. cV=EjeyXQ785k38wn7+WFXiPB}
{"logTime": "1119/000128", "correlationVector":"EjeyXQ785k38wn7+WFXiPB.1","action":"SyncServerConnectionManagerRequest", "result":"SYNC_SERVER_OK", "context":{"environment":"Prod_EastUS2_000e", "migrationStage":"NotStarted", "server":"GENERAL0100001K"}}
{"logTime": "1119/000128", "correlationVector":"EjeyXQ785k38wn7+WFXiPB.2","action":"GetUpdates Response", "result":"Success", "context":Received 250 update(s). cV=EjeyXQ785k38wn7+WFXiPB.0;server=GENERAL0100001K;cloudType=Consumer;environment=Prod_EastUS2_000e;migrationStage=NotStarted Some updates remain.}
{"logTime": "1119/000128", "correlationVector":"qhifV1+VjUUTlbHTrC0Udx","action":"Initial GetUpdates", "result":"", "context":Reason: NEWLY_SUPPORTED_DATATYPE. cV=qhifV1+VjUUTlbHTrC0Udx}
{"logTime": "1119/000128", "correlationVector":"qhifV1+VjUUTlbHTrC0Udx.1","action":"SyncServerConnectionManagerRequest", "result":"SYNC_SERVER_OK", "context":{"environment":"Prod_EastUS2_000e", "migrationStage":"NotStarted", "server":"GENERAL01000019"}}
{"logTime": "1119/000128", "correlationVector":"qhifV1+VjUUTlbHTrC0Udx.2","action":"GetUpdates", "result":"DeleteReceived", "context":{"id":"cc0587e2-0c69-4d56-97ba-72f159c73408", "isDeleted:":"true", "version":"1727475442918"}}
{"logTime": "1119/000128", "correlationVector":"qhifV1+VjUUTlbHTrC0Udx.3","action":"GetUpdates", "result":"DeleteReceived", "context":{"id":"4c8ff25d-bd80-45b9-a89c-e0826615ef24", "isDeleted:":"true", "version":"1727829478064"}}
{"logTime": "1119/000128", "correlationVector":"qhifV1+VjUUTlbHTrC0Udx.4","action":"GetUpdates", "result":"DeleteReceived", "context":{"id":"f73d8a4f-faeb-4323-abc1-c2edc232b769", "isDeleted:":"true", "version":"1730566745425"}}
{"logTime": "1119/000128", "correlationVector":"qhifV1+VjUUTlbHTrC0Udx.5","action":"GetUpdates", "result":"DeleteReceived", "context":{"id":"33d538f2-b3df-44b3-8b94-cbd4b1dc20b5", "isDeleted:":"true", "version":"1730566745426"}}
{"logTime": "1119/000128", "correlationVector":"qhifV1+VjUUTlbHTrC0Udx.6","action":"GetUpdates", "result":"DeleteReceived", "context":{"id":"3e03a987-8a1c-4583-8e24-259fd99db5b6", "isDeleted:":"true", "version":"1730566745427"}}
{"logTime": "1119/000128", "correlationVector":"qhifV1+VjUUTlbHTrC0Udx.7","action":"GetUpdates", "result":"DeleteReceived", "context":{"id":"68ff169b-3019-403f-804e-0cd3c0842caf", "isDeleted:":"true", "version":"1730566745428"}}
{"logTime": "1119/000128", "correlationVector":"qhifV1+VjUUTlbHTrC0Udx.8","action":"GetUpdates", "result":"DeleteReceived", "context":{"id":"6821c996-dd0f-4579-826d-3ceeeee59867", "isDeleted:":"true", "version":"1730566745429"}}
{"logTime": "1119/000128", "correlationVector":"qhifV1+VjUUTlbHTrC0Udx.9","action":"GetUpdates", "result":"DeleteReceived", "context":{"id":"e8cbf12d-22e8-4b10-b8ce-e0681da2ba93", "isDeleted:":"true", "version":"1730566745430"}}
{"logTime": "1119/000128", "correlationVector":"qhifV1+VjUUTlbHTrC0Udx.10","action":"GetUpdates", "result":"DeleteReceived", "context":{"id":"fc953a56-bce8-434d-a41f-5e8ae7fc347c", "isDeleted:":"true", "version":"1730566745431"}}
{"logTime": "1119/000128", "correlationVector":"qhifV1+VjUUTlbHTrC0Udx.11","action":"GetUpdates", "result":"DeleteReceived", "context":{"id":"2794b5fd-d096-4619-8444-3c94da421d66", "isDeleted:":"true", "version":"1730566745432"}}
{"logTime": "1119/000128", "correlationVector":"qhifV1+VjUUTlbHTrC0Udx.12","action":"GetUpdates", "result":"DeleteReceived", "context":{"id":"d8064025-bf52-4cd4-9f57-1a2eba0ba6e5", "isDeleted:":"true", "version":"1730566745433"}}
{"logTime": "1119/000128", "correlationVector":"qhifV1+VjUUTlbHTrC0Udx.13","action":"GetUpdates", "result":"DeleteReceived", "context":{"id":"a7daa3af-4515-4cf9-8963-ae5cfdba4017", "isDeleted:":"true", "version":"1730566745434"}}
{"logTime": "1119/000128", "correlationVector":"qhifV1+VjUUTlbHTrC0Udx.14","action":"GetUpdates", "result":"DeleteReceived", "context":{"id":"eb13793a-8305-444f-96cc-e855da18c612", "isDeleted:":"true", "version":"1730566745435"}}
{"logTime": "1119/000128", "correlationVector":"qhifV1+VjUUTlbHTrC0Udx.15","action":"GetUpdates", "result":"DeleteReceived", "context":{"id":"3450cba8-c76d-4f6e-a915-6f618a3050df", "isDeleted:":"true", "version":"1730566745436"}}
{"logTime": "1119/000128", "correlationVector":"qhifV1+VjUUTlbHTrC0Udx.16","action":"GetUpdates", "result":"DeleteReceived", "context":{"id":"51d5ca1b-b327-4d01-b9ae-95bf2ae2e97b", "isDeleted:":"true", "version":"1730566745437"}}
{"logTime": "1119/000128", "correlationVector":"qhifV1+VjUUTlbHTrC0Udx.17","action":"GetUpdates", "result":"DeleteReceived", "context":{"id":"41c635cc-3f41-48b3-91ca-a4e23fc8969f", "isDeleted:":"true", "version":"1730566745438"}}
{"logTime": "1119/000128", "correlationVector":"qhifV1+VjUUTlbHTrC0Udx.18","action":"GetUpdates", "result":"DeleteReceived", "context":{"id":"85e582ed-d54e-4fdb-898b-e14617ec7215", "isDeleted:":"true", "version":"1730566745439"}}
{"logTime": "1119/000128", "correlationVector":"qhifV1+VjUUTlbHTrC0Udx.19","action":"GetUpdates", "result":"DeleteReceived", "context":{"id":"0ada2bbc-d3ad-4fbe-a1b3-00317e80a9cd", "isDeleted:":"true", "version":"1730566745440"}}
{"logTime": "1119/000128", "correlationVector":"qhifV1+VjUUTlbHTrC0Udx.20","action":"GetUpdates", "result":"DeleteReceived", "context":{"id":"af58f42f-4806-401a-b90d-24bf8cec2e8a", "isDeleted:":"true", "version":"1730566745441"}}
{"logTime": "1119/000128", "correlationVector":"qhifV1+VjUUTlbHTrC0Udx.21","action":"GetUpdates", "result":"DeleteReceived", "context":{"id":"ca70c927-f29b-4de5-976b-2fc01598e138", "isDeleted:":"true", "version":"1730566745442"}}
{"logTime": "1119/000128", "correlationVector":"qhifV1+VjUUTlbHTrC0Udx.22","action":"GetUpdates", "result":"DeleteReceived", "context":{"id":"6745e899-0005-4c5b-acf2-9f9ccc1027bb", "isDeleted:":"true", "version":"1730566745443"}}
{"logTime": "1119/000128", "correlationVector":"qhifV1+VjUUTlbHTrC0Udx.23","action":"GetUpdates", "result":"DeleteReceived", "context":{"id":"97f31ca4-2148-4d94-9c6c-6ef7efc7052b", "isDeleted:":"true", "version":"1730566745444"}}
{"logTime": "1119/000128", "correlationVector":"qhifV1+VjUUTlbHTrC0Udx.24","action":"GetUpdates", "result":"DeleteReceived", "context":{"id":"4dc8440e-e5bc-48ef-a596-72a39ad09736", "isDeleted:":"true", "version":"1730566745445"}}
{"logTime": "1119/000128", "correlationVector":"qhifV1+VjUUTlbHTrC0Udx.25","action":"GetUpdates", "result":"DeleteReceived", "context":{"id":"6dc4eb68-d92a-41db-b75e-f3f7f4bf9a68", "isDeleted:":"true", "version":"1730566745446"}}
{"logTime": "1119/000128", "correlationVector":"qhifV1+VjUUTlbHTrC0Udx.26","action":"GetUpdates", "result":"DeleteReceived", "context":{"id":"d92ea08d-3377-456a-bc01-34f1d9251a78", "isDeleted:":"true", "version":"1730566745447"}}
{"logTime": "1119/000128", "correlationVector":"qhifV1+VjUUTlbHTrC0Udx.27","action":"GetUpdates", "result":"DeleteReceived", "context":{"id":"5fb2f340-5151-4298-bc18-cdd437ee3327", "isDeleted:":"true", "version":"1730566745448"}}
{"logTime": "1119/000128", "correlationVector":"qhifV1+VjUUTlbHTrC0Udx.28","action":"GetUpdates", "result":"DeleteReceived", "context":{"id":"5937d691-2ddf-4a73-b36b-fb43c1e65ee1", "isDeleted:":"true", "version":"1730566745449"}}
{"logTime": "1119/000128", "correlationVector":"qhifV1+VjUUTlbHTrC0Udx.29","action":"GetUpdates", "result":"DeleteReceived", "context":{"id":"815cf8aa-3f0f-44b2-9e90-d1b659d1b98d", "isDeleted:":"true", "version":"1730566745450"}}
{"logTime": "1119/000128", "correlationVector":"qhifV1+VjUUTlbHTrC0Udx.30","action":"GetUpdates", "result":"DeleteReceived", "context":{"id":"5c3a5cce-5c05-4a09-b8ff-f783876c0eb6", "isDeleted:":"true", "version":"1730566745451"}}
{"logTime": "1119/000128", "correlationVector":"qhifV1+VjUUTlbHTrC0Udx.31","action":"GetUpdates", "result":"DeleteReceived", "context":{"id":"c68683f3-ca98-42fd-b6c6-e188044722c5", "isDeleted:":"true", "version":"1730566745452"}}
{"logTime": "1119/000128", "correlationVector":"qhifV1+VjUUTlbHTrC0Udx.32","action":"GetUpdates", "result":"DeleteReceived", "context":{"id":"08bc2f9b-ad0c-4718-9c23-1573befc9124", "isDeleted:":"true", "version":"1730566745453"}}
{"logTime": "1119/000128", "correlationVector":"qhifV1+VjUUTlbHTrC0Udx.33","action":"GetUpdates", "result":"DeleteReceived", "context":{"id":"8c518097-1ab0-4e21-b7e9-94fbfd4d6cba", "isDeleted:":"true", "version":"1730645599770"}}
{"logTime": "1119/000128", "correlationVector":"qhifV1+VjUUTlbHTrC0Udx.34","action":"GetUpdates", "result":"DeleteReceived", "context":{"id":"d8703a9e-8d0f-4b69-9a58-6159c4fea1f7", "isDeleted:":"true", "version":"1730645599771"}}
{"logTime": "1119/000128", "correlationVector":"qhifV1+VjUUTlbHTrC0Udx.35","action":"GetUpdates", "result":"DeleteReceived", "context":{"id":"eae0d91c-2957-4da9-826d-9682a6b1ccc4", "isDeleted:":"true", "version":"1730645889134"}}
{"logTime": "1119/000128", "correlationVector":"qhifV1+VjUUTlbHTrC0Udx.36","action":"GetUpdates", "result":"DeleteReceived", "context":{"id":"187f8e15-62ec-4421-923f-24dff47d652a", "isDeleted:":"true", "version":"1730665244404"}}
{"logTime": "1119/000128", "correlationVector":"qhifV1+VjUUTlbHTrC0Udx.37","action":"GetUpdates", "result":"DeleteReceived", "context":{"id":"d4219e93-7574-4105-837e-5512051f67a8", "isDeleted:":"true", "version":"1730665244405"}}
{"logTime": "1119/000128", "correlationVector":"qhifV1+VjUUTlbHTrC0Udx.38","action":"GetUpdates", "result":"DeleteReceived", "context":{"id":"ea4111df-84fb-4795-8937-523dcf65321a", "isDeleted:":"true", "version":"1730665244406"}}
{"logTime": "1119/000128", "correlationVector":"qhifV1+VjUUTlbHTrC0Udx.39","action":"GetUpdates", "result":"DeleteReceived", "context":{"id":"bbc76162-88a3-469c-bd93-8cce6aba6970", "isDeleted:":"true", "version":"1730665244407"}}
{"logTime": "1119/000128", "correlationVector":"qhifV1+VjUUTlbHTrC0Udx.40","action":"GetUpdates", "result":"DeleteReceived", "context":{"id":"691a136d-f4f0-4b19-92fd-bcbd61117339", "isDeleted:":"true", "version":"1730665244408"}}
{"logTime": "1119/000128", "correlationVector":"qhifV1+VjUUTlbHTrC0Udx.41","action":"GetUpdates", "result":"DeleteReceived", "context":{"id":"8415a830-a90d-4ffd-a6b5-2b12b253cbc7", "isDeleted:":"true", "version":"1730665244409"}}
{"logTime": "1119/000128", "correlationVector":"qhifV1+VjUUTlbHTrC0Udx.42","action":"GetUpdates", "result":"DeleteReceived", "context":{"id":"5236e7da-1bd8-4b5b-a201-2d77b31ea870", "isDeleted:":"true", "version":"1730665244410"}}
{"logTime": "1119/000128", "correlationVector":"qhifV1+VjUUTlbHTrC0Udx.43","action":"GetUpdates", "result":"DeleteReceived", "context":{"id":"cd9db284-cf5f-4381-9237-5149eca970c8", "isDeleted:":"true", "version":"1730665244411"}}
{"logTime": "1119/000128", "correlationVector":"qhifV1+VjUUTlbHTrC0Udx.44","action":"GetUpdates", "result":"DeleteReceived", "context":{"id":"82f8f222-ff40-4f6d-bcd2-4ab56f390033", "isDeleted:":"true", "version":"1730665244412"}}
{"logTime": "1119/000128", "correlationVector":"qhifV1+VjUUTlbHTrC0Udx.45","action":"GetUpdates", "result":"DeleteReceived", "context":{"id":"3274a8af-9718-4576-922e-fdd14d940f0c", "isDeleted:":"true", "version":"1730665244413"}}
{"logTime": "1119/000128", "correlationVector":"qhifV1+VjUUTlbHTrC0Udx.46","action":"GetUpdates", "result":"DeleteReceived", "context":{"id":"d0cde346-a1eb-4217-9636-e7166ed370a7", "isDeleted:":"true", "version":"1730665244414"}}
{"logTime": "1119/000128", "correlationVector":"qhifV1+VjUUTlbHTrC0Udx.47","action":"GetUpdates", "result":"DeleteReceived", "context":{"id":"99b5fb10-3787-408a-a34a-d6d58aeef85f", "isDeleted:":"true", "version":"1730665244415"}}
{"logTime": "1119/000128", "correlationVector":"qhifV1+VjUUTlbHTrC0Udx.48","action":"GetUpdates", "result":"DeleteReceived", "context":{"id":"ca2ec647-3a32-4991-bb00-0eae2aa20875", "isDeleted:":"true", "version":"1730665244416"}}
{"logTime": "1119/000128", "correlationVector":"qhifV1+VjUUTlbHTrC0Udx.49","action":"GetUpdates", "result":"DeleteReceived", "context":{"id":"76816790-0ad5-4e7c-bc5b-bd87b4f13043", "isDeleted:":"true", "version":"1730665244417"}}
{"logTime": "1119/000128", "correlationVector":"qhifV1+VjUUTlbHTrC0Udx.50","action":"GetUpdates", "result":"DeleteReceived", "context":{"id":"650fe795-6776-4cdc-82df-c57e5b733504", "isDeleted:":"true", "version":"1730665244418"}}
{"logTime": "1119/000128", "correlationVector":"qhifV1+VjUUTlbHTrC0Udx.51","action":"GetUpdates", "result":"DeleteReceived", "context":{"id":"85875d96-9e73-4386-b294-73aca00cc159", "isDeleted:":"true", "version":"1730665244419"}}
{"logTime": "1119/000128", "correlationVector":"qhifV1+VjUUTlbHTrC0Udx.52","action":"GetUpdates", "result":"DeleteReceived", "context":{"id":"734fc153-bb75-45be-ba46-0dff945eebe8", "isDeleted:":"true", "version":"1730665244420"}}
{"logTime": "1119/000128", "correlationVector":"qhifV1+VjUUTlbHTrC0Udx.53","action":"GetUpdates", "result":"DeleteReceived", "context":{"id":"322f1e54-da60-4f0b-9632-1c7968e91e14", "isDeleted:":"true", "version":"1730665244421"}}
{"logTime": "1119/000128", "correlationVector":"qhifV1+VjUUTlbHTrC0Udx.54","action":"GetUpdates", "result":"DeleteReceived", "context":{"id":"045d270a-cab3-412f-995e-c9c5e699955b", "isDeleted:":"true", "version":"1730904106477"}}
{"logTime": "1119/000128", "correlationVector":"qhifV1+VjUUTlbHTrC0Udx.55","action":"GetUpdates", "result":"DeleteReceived", "context":{"id":"1b158a06-8849-47d2-a01d-2e696763b30b", "isDeleted:":"true", "version":"1730904106478"}}
{"logTime": "1119/000128", "correlationVector":"qhifV1+VjUUTlbHTrC0Udx.56","action":"GetUpdates", "result":"DeleteReceived", "context":{"id":"166d0ed1-e8bb-46f3-a721-6a5a77dd9a7c", "isDeleted:":"true", "version":"1730904106479"}}
{"logTime": "1119/000128", "correlationVector":"qhifV1+VjUUTlbHTrC0Udx.57","action":"GetUpdates", "result":"DeleteReceived", "context":{"id":"b454449f-5bd2-45d1-8e3f-1e0473f662c6", "isDeleted:":"true", "version":"1730904106480"}}
{"logTime": "1119/000128", "correlationVector":"qhifV1+VjUUTlbHTrC0Udx.58","action":"GetUpdates", "result":"DeleteReceived", "context":{"id":"1cadae79-0d22-4bb4-b8d5-835b19ab3016", "isDeleted:":"true", "version":"1730904106481"}}
{"logTime": "1119/000128", "correlationVector":"qhifV1+VjUUTlbHTrC0Udx.59","action":"GetUpdates", "result":"DeleteReceived", "context":{"id":"6bf05504-48f7-4173-be00-e2c6834da1e2", "isDeleted:":"true", "version":"1730904106482"}}
{"logTime": "1119/000128", "correlationVector":"qhifV1+VjUUTlbHTrC0Udx.60","action":"GetUpdates", "result":"DeleteReceived", "context":{"id":"8af72fe0-879f-445c-bf18-628471fe8a3a", "isDeleted:":"true", "version":"1730904106483"}}
{"logTime": "1119/000128", "correlationVector":"qhifV1+VjUUTlbHTrC0Udx.61","action":"GetUpdates", "result":"DeleteReceived", "context":{"id":"73fb2842-a6b1-4c8e-9ead-deb04deba616", "isDeleted:":"true", "version":"1730904106484"}}
{"logTime": "1119/000128", "correlationVector":"qhifV1+VjUUTlbHTrC0Udx.62","action":"GetUpdates", "result":"DeleteReceived", "context":{"id":"4d8f4a04-b848-4236-91be-2b2006e3a05a", "isDeleted:":"true", "version":"1730904106485"}}
{"logTime": "1119/000128", "correlationVector":"qhifV1+VjUUTlbHTrC0Udx.63","action":"GetUpdates", "result":"DeleteReceived", "context":{"id":"f871bf8a-fb14-442b-bd7f-89201d7a5d97", "isDeleted:":"true", "version":"1730904106486"}}
{"logTime": "1119/000128", "correlationVector":"qhifV1+VjUUTlbHTrC0Udx.64","action":"GetUpdates", "result":"DeleteReceived", "context":{"id":"f1ca0d1d-457b-4215-a673-c7909b51704f", "isDeleted:":"true", "version":"1730904106487"}}
{"logTime": "1119/000128", "correlationVector":"qhifV1+VjUUTlbHTrC0Udx.65","action":"GetUpdates", "result":"DeleteReceived", "context":{"id":"e79a212d-b63c-4aaf-878e-dae787d25503", "isDeleted:":"true", "version":"1730904106488"}}
{"logTime": "1119/000128", "correlationVector":"qhifV1+VjUUTlbHTrC0Udx.66","action":"GetUpdates", "result":"DeleteReceived", "context":{"id":"9151bb9d-5592-402e-bfd7-a418b279f32c", "isDeleted:":"true", "version":"1730904106489"}}
{"logTime": "1119/000128", "correlationVector":"qhifV1+VjUUTlbHTrC0Udx.67","action":"GetUpdates", "result":"DeleteReceived", "context":{"id":"7a36eabc-dfe1-49b8-888a-2111c5665640", "isDeleted:":"true", "version":"1730904106490"}}
{"logTime": "1119/000128", "correlationVector":"qhifV1+VjUUTlbHTrC0Udx.68","action":"GetUpdates", "result":"DeleteReceived", "context":{"id":"cb4ef718-235a-4a88-9550-417e5af40996", "isDeleted:":"true", "version":"1730904106491"}}
{"logTime": "1119/000128", "correlationVector":"qhifV1+VjUUTlbHTrC0Udx.69","action":"GetUpdates", "result":"DeleteReceived", "context":{"id":"0de88efb-e7fb-46c2-b04e-50b2d8fb72b2", "isDeleted:":"true", "version":"1730904106492"}}
{"logTime": "1119/000128", "correlationVector":"qhifV1+VjUUTlbHTrC0Udx.70","action":"GetUpdates", "result":"DeleteReceived", "context":{"id":"44713ae9-8ebc-4b3d-8ca0-498d355900de", "isDeleted:":"true", "version":"1730904106493"}}
{"logTime": "1119/000128", "correlationVector":"qhifV1+VjUUTlbHTrC0Udx.71","action":"GetUpdates", "result":"DeleteReceived", "context":{"id":"bba623f9-f84a-4ce8-acf5-eac1bbaa501a", "isDeleted:":"true", "version":"1730904106494"}}
{"logTime": "1119/000128", "correlationVector":"qhifV1+VjUUTlbHTrC0Udx.72","action":"GetUpdates", "result":"DeleteReceived", "context":{"id":"c6b1dcbf-0203-4820-9e2c-cc927fac3c94", "isDeleted:":"true", "version":"1730904106495"}}
{"logTime": "1119/000128", "correlationVector":"qhifV1+VjUUTlbHTrC0Udx.73","action":"GetUpdates", "result":"DeleteReceived", "context":{"id":"d64990f4-b246-41f1-b174-d10521be0202", "isDeleted:":"true", "version":"1730904106496"}}
{"logTime": "1119/000128", "correlationVector":"qhifV1+VjUUTlbHTrC0Udx.74","action":"GetUpdates", "result":"DeleteReceived", "context":{"id":"0ad2a57e-44ac-4bff-a1b3-c8a70e9eb84c", "isDeleted:":"true", "version":"1730904106497"}}
{"logTime": "1119/000128", "correlationVector":"qhifV1+VjUUTlbHTrC0Udx.75","action":"GetUpdates", "result":"DeleteReceived", "context":{"id":"83b3abf8-4815-459a-8125-526dd32a2ca5", "isDeleted:":"true", "version":"1730904106498"}}
{"logTime": "1119/000128", "correlationVector":"qhifV1+VjUUTlbHTrC0Udx.76","action":"GetUpdates", "result":"DeleteReceived", "context":{"id":"3235e973-764e-4637-8af3-7da3c0c416d0", "isDeleted:":"true", "version":"1730904106499"}}
{"logTime": "1119/000128", "correlationVector":"qhifV1+VjUUTlbHTrC0Udx.77","action":"GetUpdates", "result":"DeleteReceived", "context":{"id":"a9990a80-b998-4435-999b-eb6b7f716a3e", "isDeleted:":"true", "version":"1730904106500"}}
{"logTime": "1119/000128", "correlationVector":"qhifV1+VjUUTlbHTrC0Udx.78","action":"GetUpdates", "result":"DeleteReceived", "context":{"id":"a41a0821-7b1c-4629-b734-e90b9418818d", "isDeleted:":"true", "version":"1730904106501"}}
{"logTime": "1119/000128", "correlationVector":"qhifV1+VjUUTlbHTrC0Udx.79","action":"GetUpdates", "result":"DeleteReceived", "context":{"id":"706dbac0-cec2-430b-b95b-6b1229fcc48b", "isDeleted:":"true", "version":"1730904106502"}}
{"logTime": "1119/000128", "correlationVector":"qhifV1+VjUUTlbHTrC0Udx.80","action":"GetUpdates", "result":"DeleteReceived", "context":{"id":"408b21a2-7a0f-4948-8ff4-d76499ca0f51", "isDeleted:":"true", "version":"1730904106503"}}
{"logTime": "1119/000128", "correlationVector":"qhifV1+VjUUTlbHTrC0Udx.81","action":"GetUpdates Response", "result":"Success", "context":Received 137 update(s). cV=qhifV1+VjUUTlbHTrC0Udx.0;server=GENERAL01000019;cloudType=Consumer;environment=Prod_EastUS2_000e;migrationStage=NotStarted}
{"logTime": "1119/000128", "correlationVector":"4IVnRnRQck4OPUjo8lzbZJ","action":"Normal GetUpdate request", "result":"", "context":cV=4IVnRnRQck4OPUjo8lzbZJ
Nudged types: Bookmarks
Refresh requested types: Bookmarks, Passwords, Autofill Profiles, Autofill, Typed URLs, Edge Wallet, Encryption Keys}
{"logTime": "1119/000128", "correlationVector":"4IVnRnRQck4OPUjo8lzbZJ.1","action":"SyncServerConnectionManagerRequest", "result":"SYNC_SERVER_OK", "context":{"environment":"Prod_EastUS2_000e", "migrationStage":"NotStarted", "server":"GENERAL0100001W"}}
{"logTime": "1119/000128", "correlationVector":"4IVnRnRQck4OPUjo8lzbZJ.2","action":"GetUpdates Response", "result":"Success", "context":Received 0 update(s). cV=4IVnRnRQck4OPUjo8lzbZJ.0;server=GENERAL0100001W;cloudType=Consumer;environment=Prod_EastUS2_000e;migrationStage=NotStarted}
{"logTime": "1119/000128", "correlationVector":"RPh7N+9Vmd2uz+20z24WUF","action":"Commit Request", "result":"", "context":Item count: 4
Contributing types: Bookmarks}
{"logTime": "1119/000128", "correlationVector":"RPh7N+9Vmd2uz+20z24WUF.1","action":"SyncServerConnectionManagerRequest", "result":"SYNC_SERVER_OK", "context":{"environment":"Prod_EastUS2_000e", "migrationStage":"NotStarted", "server":"GENERAL0100001M"}}
{"logTime": "1119/000128", "correlationVector":"RPh7N+9Vmd2uz+20z24WUF.2","action":"Commit Response", "result":"Success", "context":Result: Success. cV=RPh7N+9Vmd2uz+20z24WUF.0;server=GENERAL0100001M;cloudType=Consumer;environment=Prod_EastUS2_000e;migrationStage=NotStarted}
